CODELY_STARTUP_TRACE args_parsed=479.4872ms
CODELY_STARTUP_TRACE unity_lsp_start=480.6223ms
CODELY_STARTUP_TRACE unity_lsp_done=481.7538ms
CODELY_STARTUP_TRACE extensions_loaded=482.1466ms
CODELY_STARTUP_TRACE can_use_ripgrep_start=8449.0656ms
CODELY_STARTUP_TRACE can_use_ripgrep_done=8469.9063ms
CODELY_STARTUP_TRACE core_tools_batch1_start=8470.1584ms
CODELY_STARTUP_TRACE core_tools_batch1_done=8470.5933ms
CODELY_STARTUP_TRACE lsp_dynamic_import_start=8470.7332ms
CODELY_STARTUP_TRACE lsp_dynamic_import_done=8471.0027ms
CODELY_STARTUP_TRACE core_tools_batch2_start=8471.1401ms
CODELY_STARTUP_TRACE core_tools_batch2_done=8471.9277ms
CODELY_STARTUP_TRACE agent_registry_init_start=8472.1526ms
CODELY_STARTUP_TRACE agent_registry_init_done=8472.4145ms
CODELY_STARTUP_TRACE task_tools_register_start=8472.5506ms
CODELY_STARTUP_TRACE task_get_task_manager_start=8472.6351ms
CODELY_STARTUP_TRACE task_get_task_manager_done=8473.6924ms
CODELY_STARTUP_TRACE task_get_task_runner_start=8473.827ms
CODELY_STARTUP_TRACE task_get_task_runner_done=8474.0651ms
CODELY_STARTUP_TRACE task_register_task_tool_start=8474.1871ms
CODELY_STARTUP_TRACE task_register_task_tool_done=8474.4426ms
CODELY_STARTUP_TRACE task_register_task_output_tool_start=8474.5568ms
CODELY_STARTUP_TRACE task_register_task_output_tool_done=8474.711ms
CODELY_STARTUP_TRACE task_register_task_stop_tool_start=8474.7947ms
CODELY_STARTUP_TRACE task_register_task_stop_tool_done=8474.9364ms
CODELY_STARTUP_TRACE task_register_job_create_tool_start=8475.0388ms
CODELY_STARTUP_TRACE task_register_job_create_tool_done=8475.2226ms
CODELY_STARTUP_TRACE task_register_job_get_tool_start=8475.3253ms
CODELY_STARTUP_TRACE task_register_job_get_tool_done=8475.453ms
CODELY_STARTUP_TRACE task_register_job_update_tool_start=8475.543ms
CODELY_STARTUP_TRACE task_register_job_update_tool_done=8475.6556ms
CODELY_STARTUP_TRACE task_register_job_list_tool_start=8475.7468ms
CODELY_STARTUP_TRACE task_register_job_list_tool_done=8475.9083ms
CODELY_STARTUP_TRACE task_tools_register_done=8476.0085ms
CODELY_STARTUP_TRACE discover_all_tools_start=8476.071ms
CODELY_STARTUP_TRACE discover_cmd_tools_start=8476.2702ms
CODELY_STARTUP_TRACE discover_cmd_tools_done=8476.4248ms
CODELY_STARTUP_TRACE discover_mcp_tools_start=8476.4934ms
CODELY_STARTUP_TRACE discover_mcp_tools_deferred=8476.6377ms
CODELY_STARTUP_TRACE discover_all_tools_done=8476.8214ms
CODELY_STARTUP_TRACE resume_find_curated_start=8483.1966ms
CODELY_STARTUP_TRACE resume_load_raw_sessions_start=8483.408ms
CODELY_STARTUP_TRACE resume_load_raw_sessions_done=8489.4967ms
CODELY_STARTUP_TRACE resume_find_curated_done=8489.7221ms
CODELY_STARTUP_TRACE resume_find_curated_start=8489.8719ms
CODELY_STARTUP_TRACE resume_load_raw_sessions_start=8489.9598ms
CODELY_STARTUP_TRACE resume_load_raw_sessions_done=9393.8032ms
CODELY_STARTUP_TRACE resume_find_curated_done=9394.7453ms
CODELY_STARTUP_TRACE tool_registry_start=9396.3596ms
CODELY_STARTUP_TRACE tool_registry_done=9396.7931ms
CODELY_STARTUP_TRACE reload_skills_start=9396.9943ms
CODELY_STARTUP_TRACE reload_skills_done=9434.3164ms
CODELY_STARTUP_TRACE hook_system_init_start=9434.6154ms
CODELY_STARTUP_TRACE hook_system_init_done=9434.9928ms
