CODELY_STARTUP_TRACE args_parsed=310.0717ms
CODELY_STARTUP_TRACE unity_lsp_start=310.9798ms
CODELY_STARTUP_TRACE unity_lsp_done=312.0571ms
CODELY_STARTUP_TRACE extensions_loaded=312.4374ms
CODELY_STARTUP_TRACE can_use_ripgrep_start=77440.8823ms
CODELY_STARTUP_TRACE can_use_ripgrep_done=77468.5815ms
CODELY_STARTUP_TRACE core_tools_batch1_start=77468.8099ms
CODELY_STARTUP_TRACE core_tools_batch1_done=77469.2101ms
CODELY_STARTUP_TRACE lsp_dynamic_import_start=77469.3721ms
CODELY_STARTUP_TRACE lsp_dynamic_import_done=77469.589ms
CODELY_STARTUP_TRACE core_tools_batch2_start=77469.6875ms
CODELY_STARTUP_TRACE core_tools_batch2_done=77470.3634ms
CODELY_STARTUP_TRACE agent_registry_init_start=77470.5243ms
CODELY_STARTUP_TRACE agent_registry_init_done=77472.0034ms
CODELY_STARTUP_TRACE task_tools_register_start=77472.12ms
CODELY_STARTUP_TRACE task_get_task_manager_start=77472.1901ms
CODELY_STARTUP_TRACE task_get_task_manager_done=77473.0961ms
CODELY_STARTUP_TRACE task_get_task_runner_start=77473.2757ms
CODELY_STARTUP_TRACE task_get_task_runner_done=77473.4302ms
CODELY_STARTUP_TRACE task_register_task_tool_start=77473.508ms
CODELY_STARTUP_TRACE task_register_task_tool_done=77473.7281ms
CODELY_STARTUP_TRACE task_register_task_output_tool_start=77473.8398ms
CODELY_STARTUP_TRACE task_register_task_output_tool_done=77474.007ms
CODELY_STARTUP_TRACE task_register_task_stop_tool_start=77474.1047ms
CODELY_STARTUP_TRACE task_register_task_stop_tool_done=77474.212ms
CODELY_STARTUP_TRACE task_register_job_create_tool_start=77474.3093ms
CODELY_STARTUP_TRACE task_register_job_create_tool_done=77474.4096ms
CODELY_STARTUP_TRACE task_register_job_get_tool_start=77474.4718ms
CODELY_STARTUP_TRACE task_register_job_get_tool_done=77474.5779ms
CODELY_STARTUP_TRACE task_register_job_update_tool_start=77474.6529ms
CODELY_STARTUP_TRACE task_register_job_update_tool_done=77474.7712ms
CODELY_STARTUP_TRACE task_register_job_list_tool_start=77474.8448ms
CODELY_STARTUP_TRACE task_register_job_list_tool_done=77474.9468ms
CODELY_STARTUP_TRACE task_tools_register_done=77475.0275ms
CODELY_STARTUP_TRACE discover_all_tools_start=77475.0905ms
CODELY_STARTUP_TRACE discover_cmd_tools_start=77475.3303ms
CODELY_STARTUP_TRACE discover_cmd_tools_done=77475.4656ms
CODELY_STARTUP_TRACE discover_mcp_tools_start=77475.5243ms
CODELY_STARTUP_TRACE discover_mcp_tools_deferred=77475.6481ms
CODELY_STARTUP_TRACE discover_all_tools_done=77475.7053ms
CODELY_STARTUP_TRACE resume_find_curated_start=77481.9397ms
CODELY_STARTUP_TRACE resume_load_raw_sessions_start=77482.1286ms
CODELY_STARTUP_TRACE resume_load_raw_sessions_done=77489.4399ms
CODELY_STARTUP_TRACE resume_find_curated_done=77489.6928ms
CODELY_STARTUP_TRACE resume_find_curated_start=77489.8015ms
CODELY_STARTUP_TRACE resume_load_raw_sessions_start=77489.8694ms
CODELY_STARTUP_TRACE resume_load_raw_sessions_done=78132.7168ms
CODELY_STARTUP_TRACE resume_find_curated_done=78133.2994ms
CODELY_STARTUP_TRACE tool_registry_start=78135.8423ms
CODELY_STARTUP_TRACE tool_registry_done=78136.4797ms
CODELY_STARTUP_TRACE reload_skills_start=78136.7102ms
CODELY_STARTUP_TRACE reload_skills_done=78169.462ms
CODELY_STARTUP_TRACE hook_system_init_start=78169.7372ms
CODELY_STARTUP_TRACE hook_system_init_done=78170.1821ms
