CODELY_STARTUP_TRACE args_parsed=343.7496ms
CODELY_STARTUP_TRACE unity_lsp_start=344.7252ms
CODELY_STARTUP_TRACE unity_lsp_done=345.902ms
CODELY_STARTUP_TRACE extensions_loaded=346.3446ms
CODELY_STARTUP_TRACE can_use_ripgrep_start=28167.2567ms
CODELY_STARTUP_TRACE can_use_ripgrep_done=28210.7123ms
CODELY_STARTUP_TRACE core_tools_batch1_start=28211.0889ms
CODELY_STARTUP_TRACE core_tools_batch1_done=28211.6969ms
CODELY_STARTUP_TRACE lsp_dynamic_import_start=28211.9365ms
CODELY_STARTUP_TRACE lsp_dynamic_import_done=28212.3206ms
CODELY_STARTUP_TRACE core_tools_batch2_start=28212.4384ms
CODELY_STARTUP_TRACE core_tools_batch2_done=28213.2911ms
CODELY_STARTUP_TRACE agent_registry_init_start=28213.4691ms
CODELY_STARTUP_TRACE agent_registry_init_done=28213.8047ms
CODELY_STARTUP_TRACE task_tools_register_start=28213.9142ms
CODELY_STARTUP_TRACE task_get_task_manager_start=28213.9919ms
CODELY_STARTUP_TRACE task_get_task_manager_done=28214.8403ms
CODELY_STARTUP_TRACE task_get_task_runner_start=28214.9462ms
CODELY_STARTUP_TRACE task_get_task_runner_done=28215.09ms
CODELY_STARTUP_TRACE task_register_task_tool_start=28215.1678ms
CODELY_STARTUP_TRACE task_register_task_tool_done=28215.4167ms
CODELY_STARTUP_TRACE task_register_task_output_tool_start=28215.56ms
CODELY_STARTUP_TRACE task_register_task_output_tool_done=28215.7559ms
CODELY_STARTUP_TRACE task_register_task_stop_tool_start=28215.8527ms
CODELY_STARTUP_TRACE task_register_task_stop_tool_done=28215.9629ms
CODELY_STARTUP_TRACE task_register_job_create_tool_start=28216.0332ms
CODELY_STARTUP_TRACE task_register_job_create_tool_done=28216.1393ms
CODELY_STARTUP_TRACE task_register_job_get_tool_start=28216.2074ms
CODELY_STARTUP_TRACE task_register_job_get_tool_done=28216.2971ms
CODELY_STARTUP_TRACE task_register_job_update_tool_start=28216.3687ms
CODELY_STARTUP_TRACE task_register_job_update_tool_done=28216.4747ms
CODELY_STARTUP_TRACE task_register_job_list_tool_start=28216.5524ms
CODELY_STARTUP_TRACE task_register_job_list_tool_done=28216.7153ms
CODELY_STARTUP_TRACE task_tools_register_done=28216.804ms
CODELY_STARTUP_TRACE discover_all_tools_start=28216.8708ms
CODELY_STARTUP_TRACE discover_cmd_tools_start=28217.0526ms
CODELY_STARTUP_TRACE discover_cmd_tools_done=28217.2055ms
CODELY_STARTUP_TRACE discover_mcp_tools_start=28217.2706ms
CODELY_STARTUP_TRACE discover_mcp_tools_deferred=28217.4192ms
CODELY_STARTUP_TRACE discover_all_tools_done=28217.4868ms
CODELY_STARTUP_TRACE resume_find_curated_start=28225.8455ms
CODELY_STARTUP_TRACE resume_load_raw_sessions_start=28226.0852ms
CODELY_STARTUP_TRACE resume_load_raw_sessions_done=28229.0457ms
CODELY_STARTUP_TRACE resume_find_curated_done=28229.2653ms
CODELY_STARTUP_TRACE resume_find_curated_start=28229.3879ms
CODELY_STARTUP_TRACE resume_load_raw_sessions_start=28229.4713ms
CODELY_STARTUP_TRACE resume_load_raw_sessions_done=29137.7301ms
CODELY_STARTUP_TRACE resume_find_curated_done=29138.3818ms
CODELY_STARTUP_TRACE tool_registry_start=29140.4337ms
CODELY_STARTUP_TRACE tool_registry_done=29140.957ms
CODELY_STARTUP_TRACE reload_skills_start=29141.2168ms
CODELY_STARTUP_TRACE reload_skills_done=29196.1354ms
CODELY_STARTUP_TRACE hook_system_init_start=29196.4296ms
CODELY_STARTUP_TRACE hook_system_init_done=29196.8387ms
