CODELY_STARTUP_TRACE args_parsed=369.2027ms
CODELY_STARTUP_TRACE unity_lsp_start=372.1447ms
CODELY_STARTUP_TRACE unity_lsp_done=374.4808ms
CODELY_STARTUP_TRACE extensions_loaded=374.8686ms
CODELY_STARTUP_TRACE can_use_ripgrep_start=996397.3639ms
CODELY_STARTUP_TRACE can_use_ripgrep_done=996433.363ms
CODELY_STARTUP_TRACE core_tools_batch1_start=996433.6197ms
CODELY_STARTUP_TRACE core_tools_batch1_done=996434.2302ms
CODELY_STARTUP_TRACE lsp_dynamic_import_start=996434.4171ms
CODELY_STARTUP_TRACE lsp_dynamic_import_done=996434.7169ms
CODELY_STARTUP_TRACE core_tools_batch2_start=996434.8259ms
CODELY_STARTUP_TRACE core_tools_batch2_done=996435.6883ms
CODELY_STARTUP_TRACE agent_registry_init_start=996435.9863ms
CODELY_STARTUP_TRACE agent_registry_init_done=996436.3832ms
CODELY_STARTUP_TRACE task_tools_register_start=996436.509ms
CODELY_STARTUP_TRACE task_get_task_manager_start=996436.5834ms
CODELY_STARTUP_TRACE task_get_task_manager_done=996437.9576ms
CODELY_STARTUP_TRACE task_get_task_runner_start=996438.424ms
CODELY_STARTUP_TRACE task_get_task_runner_done=996439.1936ms
CODELY_STARTUP_TRACE task_register_task_tool_start=996439.6143ms
CODELY_STARTUP_TRACE task_register_task_tool_done=996440.5317ms
CODELY_STARTUP_TRACE task_register_task_output_tool_start=996440.9759ms
CODELY_STARTUP_TRACE task_register_task_output_tool_done=996441.5181ms
CODELY_STARTUP_TRACE task_register_task_stop_tool_start=996441.8186ms
CODELY_STARTUP_TRACE task_register_task_stop_tool_done=996442.1161ms
CODELY_STARTUP_TRACE task_register_job_create_tool_start=996442.4081ms
CODELY_STARTUP_TRACE task_register_job_create_tool_done=996442.6641ms
CODELY_STARTUP_TRACE task_register_job_get_tool_start=996442.7723ms
CODELY_STARTUP_TRACE task_register_job_get_tool_done=996442.9168ms
CODELY_STARTUP_TRACE task_register_job_update_tool_start=996442.9951ms
CODELY_STARTUP_TRACE task_register_job_update_tool_done=996443.1256ms
CODELY_STARTUP_TRACE task_register_job_list_tool_start=996443.2842ms
CODELY_STARTUP_TRACE task_register_job_list_tool_done=996443.4313ms
CODELY_STARTUP_TRACE task_tools_register_done=996443.5108ms
CODELY_STARTUP_TRACE discover_all_tools_start=996443.5642ms
CODELY_STARTUP_TRACE discover_cmd_tools_start=996443.7822ms
CODELY_STARTUP_TRACE discover_cmd_tools_done=996443.9319ms
CODELY_STARTUP_TRACE discover_mcp_tools_start=996443.9915ms
CODELY_STARTUP_TRACE discover_mcp_tools_deferred=996444.2077ms
CODELY_STARTUP_TRACE discover_all_tools_done=996444.3083ms
CODELY_STARTUP_TRACE resume_find_curated_start=996453.9163ms
CODELY_STARTUP_TRACE resume_load_raw_sessions_start=996454.2394ms
CODELY_STARTUP_TRACE resume_load_raw_sessions_done=996465.5098ms
CODELY_STARTUP_TRACE resume_find_curated_done=996465.7653ms
CODELY_STARTUP_TRACE resume_find_curated_start=996465.9194ms
CODELY_STARTUP_TRACE resume_load_raw_sessions_start=996466.0148ms
CODELY_STARTUP_TRACE resume_load_raw_sessions_done=997260.83ms
CODELY_STARTUP_TRACE resume_find_curated_done=997261.348ms
CODELY_STARTUP_TRACE tool_registry_start=997265.0797ms
CODELY_STARTUP_TRACE tool_registry_done=997265.5536ms
CODELY_STARTUP_TRACE reload_skills_start=997265.7528ms
