CODELY_STARTUP_TRACE args_parsed=318.9331ms
CODELY_STARTUP_TRACE unity_lsp_start=319.8537ms
CODELY_STARTUP_TRACE unity_lsp_done=321.2956ms
CODELY_STARTUP_TRACE extensions_loaded=321.6726ms
CODELY_STARTUP_TRACE can_use_ripgrep_start=17387.5951ms
CODELY_STARTUP_TRACE can_use_ripgrep_done=17410.2592ms
CODELY_STARTUP_TRACE core_tools_batch1_start=17410.5579ms
CODELY_STARTUP_TRACE core_tools_batch1_done=17411.098ms
CODELY_STARTUP_TRACE lsp_dynamic_import_start=17411.2785ms
CODELY_STARTUP_TRACE lsp_dynamic_import_done=17411.448ms
CODELY_STARTUP_TRACE core_tools_batch2_start=17411.5294ms
CODELY_STARTUP_TRACE core_tools_batch2_done=17412.1222ms
CODELY_STARTUP_TRACE agent_registry_init_start=17412.2555ms
CODELY_STARTUP_TRACE agent_registry_init_done=17414.5682ms
CODELY_STARTUP_TRACE task_tools_register_start=17414.6777ms
CODELY_STARTUP_TRACE task_get_task_manager_start=17414.7424ms
CODELY_STARTUP_TRACE task_get_task_manager_done=17415.7103ms
CODELY_STARTUP_TRACE task_get_task_runner_start=17415.816ms
CODELY_STARTUP_TRACE task_get_task_runner_done=17416.0083ms
CODELY_STARTUP_TRACE task_register_task_tool_start=17416.096ms
CODELY_STARTUP_TRACE task_register_task_tool_done=17416.3341ms
CODELY_STARTUP_TRACE task_register_task_output_tool_start=17416.4474ms
CODELY_STARTUP_TRACE task_register_task_output_tool_done=17416.5807ms
CODELY_STARTUP_TRACE task_register_task_stop_tool_start=17416.6516ms
CODELY_STARTUP_TRACE task_register_task_stop_tool_done=17416.7522ms
CODELY_STARTUP_TRACE task_register_job_create_tool_start=17416.8205ms
CODELY_STARTUP_TRACE task_register_job_create_tool_done=17416.9687ms
CODELY_STARTUP_TRACE task_register_job_get_tool_start=17417.0375ms
CODELY_STARTUP_TRACE task_register_job_get_tool_done=17417.1792ms
CODELY_STARTUP_TRACE task_register_job_update_tool_start=17417.2848ms
CODELY_STARTUP_TRACE task_register_job_update_tool_done=17417.4032ms
CODELY_STARTUP_TRACE task_register_job_list_tool_start=17417.4784ms
CODELY_STARTUP_TRACE task_register_job_list_tool_done=17417.5771ms
CODELY_STARTUP_TRACE task_tools_register_done=17417.6406ms
CODELY_STARTUP_TRACE discover_all_tools_start=17417.6891ms
CODELY_STARTUP_TRACE discover_cmd_tools_start=17417.8903ms
CODELY_STARTUP_TRACE discover_cmd_tools_done=17418.0728ms
CODELY_STARTUP_TRACE discover_mcp_tools_start=17418.1476ms
CODELY_STARTUP_TRACE discover_mcp_tools_deferred=17418.3176ms
CODELY_STARTUP_TRACE discover_all_tools_done=17418.3936ms
CODELY_STARTUP_TRACE resume_find_curated_start=17423.4597ms
CODELY_STARTUP_TRACE resume_load_raw_sessions_start=17423.6594ms
CODELY_STARTUP_TRACE resume_load_raw_sessions_done=17429.3952ms
CODELY_STARTUP_TRACE resume_find_curated_done=17429.6003ms
CODELY_STARTUP_TRACE resume_find_curated_start=17429.717ms
CODELY_STARTUP_TRACE resume_load_raw_sessions_start=17429.7952ms
CODELY_STARTUP_TRACE resume_load_raw_sessions_done=18077.5938ms
CODELY_STARTUP_TRACE resume_find_curated_done=18078.1701ms
CODELY_STARTUP_TRACE tool_registry_start=18080.2179ms
CODELY_STARTUP_TRACE tool_registry_done=18080.6748ms
CODELY_STARTUP_TRACE reload_skills_start=18080.8116ms
CODELY_STARTUP_TRACE reload_skills_done=18113.6972ms
CODELY_STARTUP_TRACE hook_system_init_start=18113.9369ms
CODELY_STARTUP_TRACE hook_system_init_done=18114.3247ms
