CODELY_STARTUP_TRACE args_parsed=908.1878ms
CODELY_STARTUP_TRACE unity_lsp_start=910.2132ms
CODELY_STARTUP_TRACE unity_lsp_done=915.3273ms
CODELY_STARTUP_TRACE extensions_loaded=916.2667ms
CODELY_STARTUP_TRACE can_use_ripgrep_start=136267.4471ms
CODELY_STARTUP_TRACE can_use_ripgrep_done=136296.1084ms
CODELY_STARTUP_TRACE core_tools_batch1_start=136296.3195ms
CODELY_STARTUP_TRACE core_tools_batch1_done=136297.6816ms
CODELY_STARTUP_TRACE lsp_dynamic_import_start=136297.8385ms
CODELY_STARTUP_TRACE lsp_dynamic_import_done=136298.7108ms
CODELY_STARTUP_TRACE core_tools_batch2_start=136298.8708ms
CODELY_STARTUP_TRACE core_tools_batch2_done=136300.5136ms
CODELY_STARTUP_TRACE agent_registry_init_start=136300.703ms
CODELY_STARTUP_TRACE agent_registry_init_done=136301.3955ms
CODELY_STARTUP_TRACE task_tools_register_start=136301.5209ms
CODELY_STARTUP_TRACE task_get_task_manager_start=136301.5926ms
CODELY_STARTUP_TRACE task_get_task_manager_done=136303.8183ms
CODELY_STARTUP_TRACE task_get_task_runner_start=136303.9871ms
CODELY_STARTUP_TRACE task_get_task_runner_done=136304.8178ms
CODELY_STARTUP_TRACE task_register_task_tool_start=136305.1698ms
CODELY_STARTUP_TRACE task_register_task_tool_done=136305.9551ms
CODELY_STARTUP_TRACE task_register_task_output_tool_start=136306.099ms
CODELY_STARTUP_TRACE task_register_task_output_tool_done=136306.2725ms
CODELY_STARTUP_TRACE task_register_task_stop_tool_start=136306.3557ms
CODELY_STARTUP_TRACE task_register_task_stop_tool_done=136306.5156ms
CODELY_STARTUP_TRACE task_register_job_create_tool_start=136306.6205ms
CODELY_STARTUP_TRACE task_register_job_create_tool_done=136306.7405ms
CODELY_STARTUP_TRACE task_register_job_get_tool_start=136306.8095ms
CODELY_STARTUP_TRACE task_register_job_get_tool_done=136306.9142ms
CODELY_STARTUP_TRACE task_register_job_update_tool_start=136307.031ms
CODELY_STARTUP_TRACE task_register_job_update_tool_done=136307.162ms
CODELY_STARTUP_TRACE task_register_job_list_tool_start=136307.2372ms
CODELY_STARTUP_TRACE task_register_job_list_tool_done=136307.356ms
CODELY_STARTUP_TRACE task_tools_register_done=136307.4696ms
CODELY_STARTUP_TRACE discover_all_tools_start=136307.5391ms
CODELY_STARTUP_TRACE discover_cmd_tools_start=136307.8297ms
CODELY_STARTUP_TRACE discover_cmd_tools_done=136308.4607ms
CODELY_STARTUP_TRACE discover_mcp_tools_start=136308.6318ms
CODELY_STARTUP_TRACE discover_mcp_tools_deferred=136308.8488ms
CODELY_STARTUP_TRACE discover_all_tools_done=136308.9619ms
CODELY_STARTUP_TRACE resume_find_curated_start=136321.6691ms
CODELY_STARTUP_TRACE resume_load_raw_sessions_start=136321.9712ms
CODELY_STARTUP_TRACE resume_load_raw_sessions_done=136436.5873ms
CODELY_STARTUP_TRACE resume_find_curated_done=136437.1578ms
CODELY_STARTUP_TRACE resume_history_resolve_done=136474.0117ms
CODELY_STARTUP_TRACE tool_registry_start=136575.8874ms
CODELY_STARTUP_TRACE tool_registry_done=136576.5641ms
CODELY_STARTUP_TRACE reload_skills_start=136576.7433ms
CODELY_STARTUP_TRACE reload_skills_done=136641.6664ms
CODELY_STARTUP_TRACE hook_system_init_start=136641.9466ms
CODELY_STARTUP_TRACE hook_system_init_done=136642.8637ms
