CODELY_STARTUP_TRACE args_parsed=495.5168ms
CODELY_STARTUP_TRACE unity_lsp_start=499.1311ms
CODELY_STARTUP_TRACE unity_lsp_done=501.5463ms
CODELY_STARTUP_TRACE extensions_loaded=502.05999999999995ms
CODELY_STARTUP_TRACE can_use_ripgrep_start=2092200.6585ms
CODELY_STARTUP_TRACE can_use_ripgrep_done=2092235.6747999997ms
CODELY_STARTUP_TRACE core_tools_batch1_start=2092235.9446999999ms
CODELY_STARTUP_TRACE core_tools_batch1_done=2092236.4359ms
CODELY_STARTUP_TRACE lsp_dynamic_import_start=2092236.6244ms
CODELY_STARTUP_TRACE lsp_dynamic_import_done=2092237.5929ms
CODELY_STARTUP_TRACE core_tools_batch2_start=2092237.7489999998ms
CODELY_STARTUP_TRACE core_tools_batch2_done=2092238.5994000002ms
CODELY_STARTUP_TRACE agent_registry_init_start=2092238.9525ms
CODELY_STARTUP_TRACE agent_registry_init_done=2092239.0914000003ms
CODELY_STARTUP_TRACE task_tools_register_start=2092239.2166999998ms
CODELY_STARTUP_TRACE task_get_task_manager_start=2092239.2987ms
CODELY_STARTUP_TRACE task_get_task_manager_done=2092240.4545ms
CODELY_STARTUP_TRACE task_get_task_runner_start=2092240.5844ms
CODELY_STARTUP_TRACE task_get_task_runner_done=2092240.7926999999ms
CODELY_STARTUP_TRACE task_register_task_tool_start=2092240.9303999997ms
CODELY_STARTUP_TRACE task_register_task_tool_done=2092241.5874000003ms
CODELY_STARTUP_TRACE task_register_task_output_tool_start=2092241.7031ms
CODELY_STARTUP_TRACE task_register_task_output_tool_done=2092241.8508000001ms
CODELY_STARTUP_TRACE task_register_task_stop_tool_start=2092241.9267999998ms
CODELY_STARTUP_TRACE task_register_task_stop_tool_done=2092242.0328ms
CODELY_STARTUP_TRACE task_register_job_create_tool_start=2092242.0950999998ms
CODELY_STARTUP_TRACE task_register_job_create_tool_done=2092242.2178000002ms
CODELY_STARTUP_TRACE task_register_job_get_tool_start=2092242.2805ms
CODELY_STARTUP_TRACE task_register_job_get_tool_done=2092242.3722000003ms
CODELY_STARTUP_TRACE task_register_job_update_tool_start=2092242.4333ms
CODELY_STARTUP_TRACE task_register_job_update_tool_done=2092242.5305ms
CODELY_STARTUP_TRACE task_register_job_list_tool_start=2092242.5971ms
CODELY_STARTUP_TRACE task_register_job_list_tool_done=2092242.6984000003ms
CODELY_STARTUP_TRACE task_tools_register_done=2092242.7600999998ms
CODELY_STARTUP_TRACE discover_all_tools_start=2092242.8016999997ms
CODELY_STARTUP_TRACE discover_cmd_tools_start=2092243.0053000003ms
CODELY_STARTUP_TRACE discover_cmd_tools_done=2092243.4573000001ms
CODELY_STARTUP_TRACE discover_mcp_tools_start=2092243.5664999997ms
CODELY_STARTUP_TRACE discover_mcp_tools_deferred=2092243.7186000003ms
CODELY_STARTUP_TRACE discover_all_tools_done=2092243.7844999998ms
CODELY_STARTUP_TRACE resume_find_curated_start=2092252.4512ms
CODELY_STARTUP_TRACE resume_load_raw_sessions_start=2092252.6445ms
CODELY_STARTUP_TRACE resume_load_raw_sessions_done=2092259.4685ms
CODELY_STARTUP_TRACE resume_find_curated_done=2092259.6628999999ms
CODELY_STARTUP_TRACE resume_find_curated_start=2092259.7667ms
CODELY_STARTUP_TRACE resume_load_raw_sessions_start=2092259.8297ms
CODELY_STARTUP_TRACE resume_load_raw_sessions_done=2092891.8693000001ms
CODELY_STARTUP_TRACE resume_find_curated_done=2092892.2747000002ms
CODELY_STARTUP_TRACE tool_registry_start=2092898.0947999998ms
CODELY_STARTUP_TRACE tool_registry_done=2092898.8241ms
CODELY_STARTUP_TRACE reload_skills_start=2092899.1756999998ms
CODELY_STARTUP_TRACE reload_skills_done=2092942.4772000003ms
CODELY_STARTUP_TRACE hook_system_init_start=2092942.7187ms
CODELY_STARTUP_TRACE hook_system_init_done=2092943.6722000001ms
