CODELY_STARTUP_TRACE args_parsed=339.4114ms
CODELY_STARTUP_TRACE unity_lsp_start=342.526ms
CODELY_STARTUP_TRACE unity_lsp_done=343.7534ms
CODELY_STARTUP_TRACE extensions_loaded=344.159ms
CODELY_STARTUP_TRACE can_use_ripgrep_start=1694418.7038ms
CODELY_STARTUP_TRACE can_use_ripgrep_done=1694437.121ms
CODELY_STARTUP_TRACE core_tools_batch1_start=1694437.3384ms
CODELY_STARTUP_TRACE core_tools_batch1_done=1694438.3937ms
CODELY_STARTUP_TRACE lsp_dynamic_import_start=1694438.5967ms
CODELY_STARTUP_TRACE lsp_dynamic_import_done=1694438.9242ms
CODELY_STARTUP_TRACE core_tools_batch2_start=1694439.0197ms
CODELY_STARTUP_TRACE core_tools_batch2_done=1694440.0198ms
CODELY_STARTUP_TRACE agent_registry_init_start=1694440.388ms
CODELY_STARTUP_TRACE agent_registry_init_done=1694440.5438ms
CODELY_STARTUP_TRACE task_tools_register_start=1694440.6164ms
CODELY_STARTUP_TRACE task_get_task_manager_start=1694440.6706ms
CODELY_STARTUP_TRACE task_get_task_manager_done=1694442.6459ms
CODELY_STARTUP_TRACE task_get_task_runner_start=1694442.7936ms
CODELY_STARTUP_TRACE task_get_task_runner_done=1694442.999ms
CODELY_STARTUP_TRACE task_register_task_tool_start=1694443.0986ms
CODELY_STARTUP_TRACE task_register_task_tool_done=1694443.346ms
CODELY_STARTUP_TRACE task_register_task_output_tool_start=1694443.4347ms
CODELY_STARTUP_TRACE task_register_task_output_tool_done=1694443.6154ms
CODELY_STARTUP_TRACE task_register_task_stop_tool_start=1694443.6951ms
CODELY_STARTUP_TRACE task_register_task_stop_tool_done=1694443.8344ms
CODELY_STARTUP_TRACE task_register_job_create_tool_start=1694443.9065ms
CODELY_STARTUP_TRACE task_register_job_create_tool_done=1694444.0364ms
CODELY_STARTUP_TRACE task_register_job_get_tool_start=1694444.1151ms
CODELY_STARTUP_TRACE task_register_job_get_tool_done=1694444.3164ms
CODELY_STARTUP_TRACE task_register_job_update_tool_start=1694444.3988ms
CODELY_STARTUP_TRACE task_register_job_update_tool_done=1694444.5252ms
CODELY_STARTUP_TRACE task_register_job_list_tool_start=1694444.6098ms
CODELY_STARTUP_TRACE task_register_job_list_tool_done=1694444.7479ms
CODELY_STARTUP_TRACE task_tools_register_done=1694444.8224ms
CODELY_STARTUP_TRACE discover_all_tools_start=1694444.8842ms
CODELY_STARTUP_TRACE discover_cmd_tools_start=1694445.1205ms
CODELY_STARTUP_TRACE discover_cmd_tools_done=1694445.3067ms
CODELY_STARTUP_TRACE discover_mcp_tools_start=1694445.3695ms
CODELY_STARTUP_TRACE discover_mcp_tools_deferred=1694445.5542ms
CODELY_STARTUP_TRACE discover_all_tools_done=1694445.6396ms
CODELY_STARTUP_TRACE resume_find_curated_start=1694454.839ms
CODELY_STARTUP_TRACE resume_load_raw_sessions_start=1694455.0367ms
CODELY_STARTUP_TRACE resume_load_raw_sessions_done=1694504.5211ms
CODELY_STARTUP_TRACE resume_find_curated_done=1694504.8641ms
CODELY_STARTUP_TRACE resume_history_resolve_done=1694513.7285ms
CODELY_STARTUP_TRACE tool_registry_start=1694545.0427ms
CODELY_STARTUP_TRACE tool_registry_done=1694545.437ms
CODELY_STARTUP_TRACE reload_skills_start=1694545.585ms
CODELY_STARTUP_TRACE reload_skills_done=1694581.0892ms
CODELY_STARTUP_TRACE hook_system_init_start=1694581.9339ms
CODELY_STARTUP_TRACE hook_system_init_done=1694583.1783ms
