CODELY_STARTUP_TRACE args_parsed=324.5657ms
CODELY_STARTUP_TRACE unity_lsp_start=325.6992ms
CODELY_STARTUP_TRACE unity_lsp_done=327.0683ms
CODELY_STARTUP_TRACE extensions_loaded=327.4141ms
CODELY_STARTUP_TRACE can_use_ripgrep_start=11462.4391ms
CODELY_STARTUP_TRACE can_use_ripgrep_done=11482.2447ms
CODELY_STARTUP_TRACE core_tools_batch1_start=11482.4669ms
CODELY_STARTUP_TRACE core_tools_batch1_done=11482.8531ms
CODELY_STARTUP_TRACE lsp_dynamic_import_start=11482.9946ms
CODELY_STARTUP_TRACE lsp_dynamic_import_done=11483.2097ms
CODELY_STARTUP_TRACE core_tools_batch2_start=11483.4394ms
CODELY_STARTUP_TRACE core_tools_batch2_done=11484.3104ms
CODELY_STARTUP_TRACE agent_registry_init_start=11484.6072ms
CODELY_STARTUP_TRACE agent_registry_init_done=11487.0688ms
CODELY_STARTUP_TRACE task_tools_register_start=11487.2178ms
CODELY_STARTUP_TRACE task_get_task_manager_start=11487.282ms
CODELY_STARTUP_TRACE task_get_task_manager_done=11488.1387ms
CODELY_STARTUP_TRACE task_get_task_runner_start=11488.2204ms
CODELY_STARTUP_TRACE task_get_task_runner_done=11488.3493ms
CODELY_STARTUP_TRACE task_register_task_tool_start=11488.4195ms
CODELY_STARTUP_TRACE task_register_task_tool_done=11488.6393ms
CODELY_STARTUP_TRACE task_register_task_output_tool_start=11488.7257ms
CODELY_STARTUP_TRACE task_register_task_output_tool_done=11488.8683ms
CODELY_STARTUP_TRACE task_register_task_stop_tool_start=11488.9395ms
CODELY_STARTUP_TRACE task_register_task_stop_tool_done=11489.0453ms
CODELY_STARTUP_TRACE task_register_job_create_tool_start=11489.1078ms
CODELY_STARTUP_TRACE task_register_job_create_tool_done=11489.191ms
CODELY_STARTUP_TRACE task_register_job_get_tool_start=11489.2458ms
CODELY_STARTUP_TRACE task_register_job_get_tool_done=11489.3269ms
CODELY_STARTUP_TRACE task_register_job_update_tool_start=11489.3881ms
CODELY_STARTUP_TRACE task_register_job_update_tool_done=11489.4769ms
CODELY_STARTUP_TRACE task_register_job_list_tool_start=11489.5488ms
CODELY_STARTUP_TRACE task_register_job_list_tool_done=11489.6811ms
CODELY_STARTUP_TRACE task_tools_register_done=11489.751ms
CODELY_STARTUP_TRACE discover_all_tools_start=11489.7993ms
CODELY_STARTUP_TRACE discover_cmd_tools_start=11489.949ms
CODELY_STARTUP_TRACE discover_cmd_tools_done=11490.0752ms
CODELY_STARTUP_TRACE discover_mcp_tools_start=11490.1322ms
CODELY_STARTUP_TRACE discover_mcp_tools_deferred=11490.291ms
CODELY_STARTUP_TRACE discover_all_tools_done=11490.3586ms
CODELY_STARTUP_TRACE resume_find_curated_start=11495.5487ms
CODELY_STARTUP_TRACE resume_load_raw_sessions_start=11495.7344ms
CODELY_STARTUP_TRACE resume_load_raw_sessions_done=11500.6455ms
CODELY_STARTUP_TRACE resume_find_curated_done=11500.9272ms
CODELY_STARTUP_TRACE resume_find_curated_start=11501.0941ms
CODELY_STARTUP_TRACE resume_load_raw_sessions_start=11501.1897ms
CODELY_STARTUP_TRACE resume_load_raw_sessions_done=12123.6826ms
CODELY_STARTUP_TRACE resume_find_curated_done=12124.0737ms
CODELY_STARTUP_TRACE tool_registry_start=12125.7485ms
CODELY_STARTUP_TRACE tool_registry_done=12126.3639ms
CODELY_STARTUP_TRACE reload_skills_start=12126.6667ms
CODELY_STARTUP_TRACE reload_skills_done=12160.1145ms
CODELY_STARTUP_TRACE hook_system_init_start=12160.3485ms
CODELY_STARTUP_TRACE hook_system_init_done=12160.7215ms
