CODELY_STARTUP_TRACE args_parsed=1876.3416ms
CODELY_STARTUP_TRACE unity_lsp_start=1880.5168ms
CODELY_STARTUP_TRACE unity_lsp_done=1883.8681ms
CODELY_STARTUP_TRACE extensions_loaded=1884.7257ms
CODELY_STARTUP_TRACE can_use_ripgrep_start=3434.2182ms
CODELY_STARTUP_TRACE can_use_ripgrep_done=3476.8415ms
CODELY_STARTUP_TRACE core_tools_batch1_start=3477.6393ms
CODELY_STARTUP_TRACE core_tools_batch1_done=3479.5142ms
CODELY_STARTUP_TRACE lsp_dynamic_import_start=3480.078ms
CODELY_STARTUP_TRACE lsp_dynamic_import_done=3480.7005ms
CODELY_STARTUP_TRACE core_tools_batch2_start=3481.0559ms
CODELY_STARTUP_TRACE core_tools_batch2_done=3482.3141ms
CODELY_STARTUP_TRACE agent_registry_init_start=3482.6236ms
CODELY_STARTUP_TRACE agent_registry_init_done=3483.0695ms
CODELY_STARTUP_TRACE task_tools_register_start=3483.2347ms
CODELY_STARTUP_TRACE task_get_task_manager_start=3483.3294ms
CODELY_STARTUP_TRACE task_get_task_manager_done=3485.9635ms
CODELY_STARTUP_TRACE task_get_task_runner_start=3486.4107ms
CODELY_STARTUP_TRACE task_get_task_runner_done=3486.8074ms
CODELY_STARTUP_TRACE task_register_task_tool_start=3487.1095ms
CODELY_STARTUP_TRACE task_register_task_tool_done=3487.8044ms
CODELY_STARTUP_TRACE task_register_task_output_tool_start=3488.2867ms
CODELY_STARTUP_TRACE task_register_task_output_tool_done=3489.4212ms
CODELY_STARTUP_TRACE task_register_task_stop_tool_start=3489.9125ms
CODELY_STARTUP_TRACE task_register_task_stop_tool_done=3490.5209ms
CODELY_STARTUP_TRACE task_register_job_create_tool_start=3491.055ms
CODELY_STARTUP_TRACE task_register_job_create_tool_done=3491.703ms
CODELY_STARTUP_TRACE task_register_job_get_tool_start=3492.1636ms
CODELY_STARTUP_TRACE task_register_job_get_tool_done=3492.6595ms
CODELY_STARTUP_TRACE task_register_job_update_tool_start=3492.9068ms
CODELY_STARTUP_TRACE task_register_job_update_tool_done=3493.2582ms
CODELY_STARTUP_TRACE task_register_job_list_tool_start=3493.5369ms
CODELY_STARTUP_TRACE task_register_job_list_tool_done=3493.9455ms
CODELY_STARTUP_TRACE task_tools_register_done=3494.1389ms
CODELY_STARTUP_TRACE discover_all_tools_start=3494.2224ms
CODELY_STARTUP_TRACE discover_cmd_tools_start=3494.619ms
CODELY_STARTUP_TRACE discover_cmd_tools_done=3495.0294ms
CODELY_STARTUP_TRACE discover_mcp_tools_start=3495.2382ms
CODELY_STARTUP_TRACE discover_mcp_tools_deferred=3495.5368ms
CODELY_STARTUP_TRACE discover_all_tools_done=3495.714ms
CODELY_STARTUP_TRACE resume_find_curated_start=3514.6362ms
CODELY_STARTUP_TRACE resume_load_raw_sessions_start=3515.127ms
CODELY_STARTUP_TRACE resume_load_raw_sessions_done=3801.36ms
CODELY_STARTUP_TRACE resume_find_curated_done=3801.9927ms
CODELY_STARTUP_TRACE resume_history_resolve_done=3897.3711ms
CODELY_STARTUP_TRACE tool_registry_start=5820.3084ms
CODELY_STARTUP_TRACE tool_registry_done=5820.9028ms
CODELY_STARTUP_TRACE reload_skills_start=5821.1162ms
CODELY_STARTUP_TRACE reload_skills_done=5881.0393ms
CODELY_STARTUP_TRACE hook_system_init_start=5881.4362ms
CODELY_STARTUP_TRACE hook_system_init_done=5882.3868ms
