CODELY_STARTUP_TRACE args_parsed=1719.2694ms
CODELY_STARTUP_TRACE unity_lsp_start=1722.5223ms
CODELY_STARTUP_TRACE unity_lsp_done=1724.6692ms
CODELY_STARTUP_TRACE extensions_loaded=1725.1296ms
CODELY_STARTUP_TRACE can_use_ripgrep_start=3566.9892ms
CODELY_STARTUP_TRACE can_use_ripgrep_done=3604.9335ms
CODELY_STARTUP_TRACE core_tools_batch1_start=3605.2288ms
CODELY_STARTUP_TRACE core_tools_batch1_done=3605.8176ms
CODELY_STARTUP_TRACE lsp_dynamic_import_start=3605.9679ms
CODELY_STARTUP_TRACE lsp_dynamic_import_done=3606.5386ms
CODELY_STARTUP_TRACE core_tools_batch2_start=3606.6875ms
CODELY_STARTUP_TRACE core_tools_batch2_done=3607.374ms
CODELY_STARTUP_TRACE agent_registry_init_start=3607.5882ms
CODELY_STARTUP_TRACE agent_registry_init_done=3607.9668ms
CODELY_STARTUP_TRACE task_tools_register_start=3608.2081ms
CODELY_STARTUP_TRACE task_get_task_manager_start=3608.302ms
CODELY_STARTUP_TRACE task_get_task_manager_done=3610.2652ms
CODELY_STARTUP_TRACE task_get_task_runner_start=3610.4186ms
CODELY_STARTUP_TRACE task_get_task_runner_done=3610.6011ms
CODELY_STARTUP_TRACE task_register_task_tool_start=3610.7426ms
CODELY_STARTUP_TRACE task_register_task_tool_done=3611.2798ms
CODELY_STARTUP_TRACE task_register_task_output_tool_start=3611.421ms
CODELY_STARTUP_TRACE task_register_task_output_tool_done=3611.5958ms
CODELY_STARTUP_TRACE task_register_task_stop_tool_start=3611.6839ms
CODELY_STARTUP_TRACE task_register_task_stop_tool_done=3611.8263ms
CODELY_STARTUP_TRACE task_register_job_create_tool_start=3611.9071ms
CODELY_STARTUP_TRACE task_register_job_create_tool_done=3612.0605ms
CODELY_STARTUP_TRACE task_register_job_get_tool_start=3612.2282ms
CODELY_STARTUP_TRACE task_register_job_get_tool_done=3612.3861ms
CODELY_STARTUP_TRACE task_register_job_update_tool_start=3612.5076ms
CODELY_STARTUP_TRACE task_register_job_update_tool_done=3612.6896ms
CODELY_STARTUP_TRACE task_register_job_list_tool_start=3612.8298ms
CODELY_STARTUP_TRACE task_register_job_list_tool_done=3613.0735ms
CODELY_STARTUP_TRACE task_tools_register_done=3613.2901ms
CODELY_STARTUP_TRACE discover_all_tools_start=3613.4056ms
CODELY_STARTUP_TRACE discover_cmd_tools_start=3613.8315ms
CODELY_STARTUP_TRACE discover_cmd_tools_done=3615.0854ms
CODELY_STARTUP_TRACE discover_mcp_tools_start=3615.5742ms
CODELY_STARTUP_TRACE discover_mcp_tools_deferred=3615.8659ms
CODELY_STARTUP_TRACE discover_all_tools_done=3615.9938ms
CODELY_STARTUP_TRACE resume_find_curated_start=3626.8135ms
CODELY_STARTUP_TRACE resume_load_raw_sessions_start=3627.0508ms
CODELY_STARTUP_TRACE resume_load_raw_sessions_done=4501.413ms
CODELY_STARTUP_TRACE resume_find_curated_done=4501.7953ms
CODELY_STARTUP_TRACE resume_history_resolve_done=4583.5402ms
CODELY_STARTUP_TRACE tool_registry_start=4770.5ms
CODELY_STARTUP_TRACE tool_registry_done=4770.8834ms
CODELY_STARTUP_TRACE reload_skills_start=4771.0114ms
CODELY_STARTUP_TRACE reload_skills_done=4825.1852ms
CODELY_STARTUP_TRACE hook_system_init_start=4825.572ms
CODELY_STARTUP_TRACE hook_system_init_done=4826.3687ms
